<?xml version="1.0" encoding="UTF-8"?>
<!-- Generated by org.testng.reporters.JUnitReportReporter -->
<testsuite hostname="LAPTOP-D8OCJ5DE" failures="0" tests="2" name="WEEK5.Week5Day7" time="54.788" errors="0" timestamp="2022-03-03T15:32:28 IST" skipped="0">
  <testcase classname="WEEK5.Week5Day7" name="Login" time="8.217"/>
  <system-out/>
  <testcase classname="WEEK5.Week5Day7" name="checklearningWeek5Day7" time="46.571"/>
  <system-out/>
</testsuite> <!-- WEEK5.Week5Day7 -->
