<?xml version="1.0" encoding="UTF-8"?>
<!-- Generated by org.testng.reporters.JUnitReportReporter -->
<testsuite hostname="LAPTOP-D8OCJ5DE" failures="0" tests="2" name="Week6.Week6Day7" time="39.313" errors="0" timestamp="2022-03-05T14:46:51 IST" skipped="0">
  <testcase classname="Week6.Week6Day7" name="Login" time="6.936"/>
  <system-out/>
  <testcase classname="Week6.Week6Day7" name="checklearningWeek6Day7" time="32.377"/>
  <system-out/>
</testsuite> <!-- Week6.Week6Day7 -->
