<?xml version="1.0" encoding="UTF-8"?>
<!-- Generated by org.testng.reporters.JUnitReportReporter -->
<testsuite hostname="LAPTOP-D8OCJ5DE" failures="0" tests="2" name="WEEK2.Week2Day1" time="51.602" errors="0" timestamp="2022-03-22T11:16:24 IST" skipped="0">
  <testcase classname="WEEK2.Week2Day1" name="checklearningweek2" time="46.806"/>
  <system-out/>
  <testcase classname="WEEK2.Week2Day1" name="Login" time="4.796"/>
  <system-out/>
</testsuite> <!-- WEEK2.Week2Day1 -->
