<?xml version="1.0" encoding="UTF-8"?>
<!-- Generated by org.testng.reporters.JUnitReportReporter -->
<testsuite hostname="DESKTOP-LGOJ7E9" failures="0" tests="1" name="Testcases.Privacy_Security" time="5.281" errors="0" timestamp="2022-09-20T13:45:25 IST" skipped="0">
  <testcase classname="Testcases.Privacy_Security" name="loginTest" time="5.281"/>
  <system-out/>
</testsuite> <!-- Testcases.Privacy_Security -->
