<?xml version="1.0" encoding="UTF-8"?>
<!-- Generated by org.testng.reporters.JUnitReportReporter -->
<testsuite hostname="LAPTOP-D8OCJ5DE" failures="0" tests="2" name="WEEK3.Week3Day4" time="102.651" errors="0" timestamp="2022-01-28T14:55:28 IST" skipped="0">
  <testcase classname="WEEK3.Week3Day4" name="Login" time="6.147"/>
  <system-out/>
  <testcase classname="WEEK3.Week3Day4" name="checlearningdweek3day1" time="96.504"/>
  <system-out/>
</testsuite> <!-- WEEK3.Week3Day4 -->
