<?xml version="1.0" encoding="UTF-8"?>
<!-- Generated by org.testng.reporters.JUnitReportReporter -->
<testsuite hostname="DESKTOP-LGOJ7E9" failures="0" tests="2" name="Testcases.EnterJournal" time="18.155" errors="0" timestamp="2022-09-20T14:02:10 IST" skipped="0">
  <testcase classname="Testcases.EnterJournal" name="loginTest" time="5.108"/>
  <system-out/>
  <testcase classname="Testcases.EnterJournal" name="journal" time="13.047"/>
  <system-out/>
</testsuite> <!-- Testcases.EnterJournal -->
