<?xml version="1.0" encoding="UTF-8"?>
<!-- Generated by org.testng.reporters.JUnitReportReporter -->
<testsuite hostname="DESKTOP-LGOJ7E9" failures="0" tests="2" name="Testcases.MoodTracking" time="26.930" errors="0" timestamp="2022-09-20T12:54:29 IST" skipped="0">
  <testcase classname="Testcases.MoodTracking" name="loginTest" time="5.371"/>
  <system-out/>
  <testcase classname="Testcases.MoodTracking" name="trackmood" time="21.559"/>
  <system-out/>
</testsuite> <!-- Testcases.MoodTracking -->
