<?xml version="1.0" encoding="UTF-8"?>
<!-- Generated by org.testng.reporters.JUnitReportReporter -->
<testsuite hostname="LAPTOP-D8OCJ5DE" failures="0" tests="2" name="Week6.Week6Day3" time="207.900" errors="0" timestamp="2022-03-05T12:12:52 IST" skipped="0">
  <testcase classname="Week6.Week6Day3" name="Login" time="6.134"/>
  <system-out/>
  <testcase classname="Week6.Week6Day3" name="checklearningWeek6Day2" time="201.766"/>
  <system-out/>
</testsuite> <!-- Week6.Week6Day3 -->
