<?xml version="1.0" encoding="UTF-8"?>
<!-- Generated by org.testng.reporters.JUnitReportReporter -->
<testsuite hostname="LAPTOP-D8OCJ5DE" failures="0" tests="2" name="WEEK5.Week5Day2" time="298.701" errors="0" timestamp="2022-03-03T11:09:14 IST" skipped="0">
  <testcase classname="WEEK5.Week5Day2" name="Login" time="5.901"/>
  <system-out/>
  <testcase classname="WEEK5.Week5Day2" name="checklearningWeek5Day2" time="292.800"/>
  <system-out/>
</testsuite> <!-- WEEK5.Week5Day2 -->
