<?xml version="1.0" encoding="UTF-8"?>
<!-- Generated by org.testng.reporters.JUnitReportReporter -->
<testsuite hostname="LAPTOP-D8OCJ5DE" failures="0" tests="2" name="Week6.Week6Day4" time="78.550" errors="0" timestamp="2022-03-07T16:34:27 IST" skipped="0">
  <testcase classname="Week6.Week6Day4" name="Login" time="5.032"/>
  <system-out/>
  <testcase classname="Week6.Week6Day4" name="checklearningWeek6Day4" time="73.518"/>
  <system-out/>
</testsuite> <!-- Week6.Week6Day4 -->
