<?xml version="1.0" encoding="UTF-8"?>
<!-- Generated by org.testng.reporters.JUnitReportReporter -->
<testsuite hostname="LAPTOP-D8OCJ5DE" failures="0" tests="2" name="WEEK5.Week5Day6" time="26.785" errors="0" timestamp="2022-03-03T15:25:47 IST" skipped="0">
  <testcase classname="WEEK5.Week5Day6" name="Login" time="6.303"/>
  <system-out/>
  <testcase classname="WEEK5.Week5Day6" name="checklearningWeek5Day6" time="20.482"/>
  <system-out/>
</testsuite> <!-- WEEK5.Week5Day6 -->
