<?xml version="1.0" encoding="UTF-8"?>
<!-- Generated by org.testng.reporters.JUnitReportReporter -->
<testsuite hostname="LAPTOP-D8OCJ5DE" failures="0" tests="2" name="WEEK4.Week4Day5" time="214.522" errors="0" timestamp="2022-02-09T17:49:56 IST" skipped="0">
  <testcase classname="WEEK4.Week4Day5" name="Login" time="8.266"/>
  <system-out/>
  <testcase classname="WEEK4.Week4Day5" name="checklearningWeek4Day5" time="206.256"/>
  <system-out/>
</testsuite> <!-- WEEK4.Week4Day5 -->
