<?xml version="1.0" encoding="UTF-8"?>
<!-- Generated by org.testng.reporters.JUnitReportReporter -->
<testsuite hostname="LAPTOP-D8OCJ5DE" failures="0" tests="2" name="WEEK5.Week5Day1" time="51.802" errors="0" timestamp="2022-03-03T10:55:48 IST" skipped="0">
  <testcase classname="WEEK5.Week5Day1" name="Login" time="5.637"/>
  <system-out/>
  <testcase classname="WEEK5.Week5Day1" name="checklearningWeek5Day1" time="46.165"/>
  <system-out/>
</testsuite> <!-- WEEK5.Week5Day1 -->
