<?xml version="1.0" encoding="UTF-8"?>
<!-- Generated by org.testng.reporters.JUnitReportReporter -->
<testsuite hostname="DESKTOP-LGOJ7E9" failures="0" tests="1" name="Testcases.LogoutApp" time="13.418" errors="0" timestamp="2022-09-16T12:48:05 IST" skipped="0">
  <testcase classname="Testcases.LogoutApp" name="loginTest" time="13.418"/>
  <system-out/>
</testsuite> <!-- Testcases.LogoutApp -->
