<?xml version="1.0" encoding="UTF-8"?>
<!-- Generated by org.testng.reporters.JUnitReportReporter -->
<testsuite hostname="DESKTOP-LGOJ7E9" failures="0" tests="1" name="Testcases.Login" time="6.330" errors="0" timestamp="2022-09-20T16:51:05 IST" skipped="0">
  <testcase classname="Testcases.Login" name="loginTest" time="6.330"/>
  <system-out/>
</testsuite> <!-- Testcases.Login -->
