<?xml version="1.0" encoding="UTF-8"?>
<!-- Generated by org.testng.reporters.JUnitReportReporter -->
<testsuite hostname="LAPTOP-D8OCJ5DE" failures="0" tests="2" name="WEEK1.Week1Day4" time="359.307" errors="0" timestamp="2022-01-28T12:46:07 IST" skipped="0">
  <testcase classname="WEEK1.Week1Day4" name="Login" time="5.740"/>
  <system-out/>
  <testcase classname="WEEK1.Week1Day4" name="Week1Day4" time="353.567"/>
  <system-out/>
</testsuite> <!-- WEEK1.Week1Day4 -->
