<?xml version="1.0" encoding="UTF-8"?>
<!-- Generated by org.testng.reporters.JUnitReportReporter -->
<testsuite hostname="DESKTOP-LGOJ7E9" failures="0" tests="2" name="Testcases.checkplaylist" time="31.271" errors="0" timestamp="2022-09-20T13:48:07 IST" skipped="0">
  <testcase classname="Testcases.checkplaylist" name="loginTest" time="5.390"/>
  <system-out/>
  <testcase classname="Testcases.checkplaylist" name="playlist" time="25.881"/>
  <system-out/>
</testsuite> <!-- Testcases.checkplaylist -->
