<?xml version="1.0" encoding="UTF-8"?>
<!-- Generated by org.testng.reporters.JUnitReportReporter -->
<testsuite hostname="LAPTOP-D8OCJ5DE" failures="0" tests="2" name="Week7.Week7" time="17.146" errors="0" timestamp="2022-03-09T08:51:20 IST" skipped="0">
  <testcase classname="Week7.Week7" name="Login" time="4.953"/>
  <system-out/>
  <testcase classname="Week7.Week7" name="checkweekdata" time="12.193"/>
  <system-out/>
</testsuite> <!-- Week7.Week7 -->
