<?xml version="1.0" encoding="UTF-8"?>
<!-- Generated by org.testng.reporters.JUnitReportReporter -->
<testsuite hostname="LAPTOP-D8OCJ5DE" failures="0" tests="2" name="WEEK2.Week2Day5" time="36.228" errors="0" timestamp="2022-03-22T12:28:41 IST" skipped="0">
  <testcase classname="WEEK2.Week2Day5" name="Login" time="4.758"/>
  <system-out/>
  <testcase classname="WEEK2.Week2Day5" name="checklearningweek2" time="31.470"/>
  <system-out/>
</testsuite> <!-- WEEK2.Week2Day5 -->
