<?xml version="1.0" encoding="UTF-8"?>
<!-- Generated by org.testng.reporters.JUnitReportReporter -->
<testsuite hostname="LAPTOP-D8OCJ5DE" failures="0" tests="2" name="Testcases.Week5Day1" time="469.506" errors="0" timestamp="2021-12-03T17:45:41 IST" skipped="0">
  <testcase classname="Testcases.Week5Day1" name="Login" time="7.206"/>
  <system-out/>
  <testcase classname="Testcases.Week5Day1" name="checklearningWeek5Day1" time="462.300"/>
  <system-out/>
</testsuite> <!-- Testcases.Week5Day1 -->
