<?xml version="1.0" encoding="UTF-8"?>
<!-- Generated by org.testng.reporters.JUnitReportReporter -->
<testsuite hostname="LAPTOP-D8OCJ5DE" failures="0" tests="2" name="WEEK2.Week2Day4" time="55.533" errors="0" timestamp="2022-03-22T11:41:48 IST" skipped="0">
  <testcase classname="WEEK2.Week2Day4" name="Login" time="4.488"/>
  <system-out/>
  <testcase classname="WEEK2.Week2Day4" name="checklearningweek2" time="51.045"/>
  <system-out/>
</testsuite> <!-- WEEK2.Week2Day4 -->
