<?xml version="1.0" encoding="UTF-8"?>
<!-- Generated by org.testng.reporters.JUnitReportReporter -->
<testsuite hostname="LAPTOP-D8OCJ5DE" failures="0" tests="2" name="WEEK4.Week4Day6" time="95.945" errors="0" timestamp="2022-02-09T17:53:18 IST" skipped="0">
  <testcase classname="WEEK4.Week4Day6" name="Login" time="6.653"/>
  <system-out/>
  <testcase classname="WEEK4.Week4Day6" name="checklearningWeek4Day6" time="89.292"/>
  <system-out/>
</testsuite> <!-- WEEK4.Week4Day6 -->
