<?xml version="1.0" encoding="UTF-8"?>
<!-- Generated by org.testng.reporters.JUnitReportReporter -->
<testsuite hostname="LAPTOP-D8OCJ5DE" failures="0" tests="2" name="Testcases.Combinecheck" time="44.979" errors="0" timestamp="2022-06-27T20:08:52 IST" skipped="0">
  <testcase classname="Testcases.Combinecheck" name="checkAdmin" time="44.508"/>
  <system-out/>
  <testcase classname="Testcases.Combinecheck" name="AdminLogin" time="0.471"/>
  <system-out/>
</testsuite> <!-- Testcases.Combinecheck -->
