<?xml version="1.0" encoding="UTF-8"?>
<!-- Generated by org.testng.reporters.JUnitReportReporter -->
<testsuite hostname="DESKTOP-LGOJ7E9" failures="0" tests="2" name="Testcases.Languagechange" time="29.516" errors="0" timestamp="2022-09-20T14:04:02 IST" skipped="0">
  <testcase classname="Testcases.Languagechange" name="loginTest" time="5.386"/>
  <system-out/>
  <testcase classname="Testcases.Languagechange" name="changelang" time="24.130"/>
  <system-out/>
</testsuite> <!-- Testcases.Languagechange -->
