<?xml version="1.0" encoding="UTF-8"?>
<!-- Generated by org.testng.reporters.JUnitReportReporter -->
<testsuite hostname="LAPTOP-D8OCJ5DE" failures="0" tests="2" name="Testcases.LearningSection" time="717.210" errors="0" timestamp="2021-12-03T14:12:17 IST" skipped="0">
  <testcase classname="Testcases.LearningSection" name="Login" time="5.793"/>
  <system-out/>
  <testcase classname="Testcases.LearningSection" name="checklearningweek2" time="711.417"/>
  <system-out/>
</testsuite> <!-- Testcases.LearningSection -->
