<?xml version="1.0" encoding="UTF-8"?>
<!-- Generated by org.testng.reporters.JUnitReportReporter -->
<testsuite hostname="LAPTOP-D8OCJ5DE" failures="0" tests="2" name="WEEK3.Week3Day1" time="82.799" errors="0" timestamp="2022-03-22T13:14:35 IST" skipped="0">
  <testcase classname="WEEK3.Week3Day1" name="Login" time="4.955"/>
  <system-out/>
  <testcase classname="WEEK3.Week3Day1" name="checlearningdweek3day1" time="77.844"/>
  <system-out/>
</testsuite> <!-- WEEK3.Week3Day1 -->
