<?xml version="1.0" encoding="UTF-8"?>
<!-- Generated by org.testng.reporters.JUnitReportReporter -->
<testsuite hostname="LAPTOP-D8OCJ5DE" failures="0" tests="2" name="Week6.Week6Day6" time="118.099" errors="0" timestamp="2022-03-05T14:32:17 IST" skipped="0">
  <testcase classname="Week6.Week6Day6" name="Login" time="6.788"/>
  <system-out/>
  <testcase classname="Week6.Week6Day6" name="checklearningWeek6Day4" time="111.311"/>
  <system-out/>
</testsuite> <!-- Week6.Week6Day6 -->
