<?xml version="1.0" encoding="UTF-8"?>
<!-- Generated by org.testng.reporters.JUnitReportReporter -->
<testsuite hostname="LAPTOP-D8OCJ5DE" failures="0" tests="2" name="WEEK3.Week3Day3" time="611.937" errors="0" timestamp="2022-03-23T15:16:42 IST" skipped="0">
  <testcase classname="WEEK3.Week3Day3" name="Login" time="5.079"/>
  <system-out/>
  <testcase classname="WEEK3.Week3Day3" name="checlearningdweek3day3" time="606.858"/>
  <system-out/>
</testsuite> <!-- WEEK3.Week3Day3 -->
