<?xml version="1.0" encoding="UTF-8"?>
<!-- Generated by org.testng.reporters.JUnitReportReporter -->
<testsuite hostname="DESKTOP-LGOJ7E9" failures="0" tests="2" name="Testcases.SleepTracking" time="82.935" errors="0" timestamp="2022-09-20T12:50:59 IST" skipped="0">
  <testcase classname="Testcases.SleepTracking" name="loginTest" time="5.426"/>
  <system-out/>
  <testcase classname="Testcases.SleepTracking" name="sleeptracker" time="77.509"/>
  <system-out/>
</testsuite> <!-- Testcases.SleepTracking -->
