<?xml version="1.0" encoding="UTF-8"?>
<!-- Generated by org.testng.reporters.JUnitReportReporter -->
<testsuite hostname="LAPTOP-D8OCJ5DE" failures="0" tests="2" name="WEEK1.Week1Day6" time="148.247" errors="0" timestamp="2022-01-28T13:10:16 IST" skipped="0">
  <testcase classname="WEEK1.Week1Day6" name="Login" time="5.160"/>
  <system-out/>
  <testcase classname="WEEK1.Week1Day6" name="Week1Day6" time="143.087"/>
  <system-out/>
</testsuite> <!-- WEEK1.Week1Day6 -->
