<?xml version="1.0" encoding="UTF-8"?>
<!-- Generated by org.testng.reporters.JUnitReportReporter -->
<testsuite hostname="LAPTOP-D8OCJ5DE" failures="0" tests="5" name="Testcases.FlowFirst$Login" time="41.102" errors="1" timestamp="2022-02-10T15:52:03 IST" skipped="3">
  <testcase classname="Testcases.FlowFirst$Login" name="checkactivity" time="0.000">
    <skipped/>
  </testcase> <!-- checkactivity -->
  <system-out/>
  <testcase classname="Testcases.FlowFirst$Login" name="sleeptracker" time="33.776">
    <error message="The element &#039;By.xpath: //android.view.ViewGroup[3]/android.view.ViewGroup/android.widget.TextView[2]&#039; is not linked to the same object in DOM anymore
For documentation on this error, please visit: https://www.seleniumhq.org/exceptions/stale_element_reference.html
Build info: version: &#039;3.141.59&#039;, revision: &#039;e82be7d358&#039;, time: &#039;2018-11-14T08:17:03&#039;
System info: host: &#039;LAPTOP-D8OCJ5DE&#039;, ip: &#039;173.16.65.3&#039;, os.name: &#039;Windows 10&#039;, os.arch: &#039;amd64&#039;, os.version: &#039;10.0&#039;, java.version: &#039;11.0.9&#039;
Driver info: io.appium.java_client.android.AndroidDriver
Capabilities {app: C:\Users\shilp\eclipse-work..., appPackage: com.curioStellaTwo, databaseEnabled: false, desired: {app: C:\Users\shilp\eclipse-work..., isHeadless: true, platformName: android}, deviceApiLevel: 30, deviceManufacturer: unknown, deviceModel: Android SDK built for x86, deviceName: emulator-5554, deviceScreenDensity: 560, deviceScreenSize: 1440x3040, deviceUDID: emulator-5554, isHeadless: true, javascriptEnabled: true, locationContextEnabled: false, networkConnectionEnabled: true, pixelRatio: 3.5, platform: LINUX, platformName: Android, platformVersion: 11, statBarHeight: 172, takesScreenshot: true, viewportRect: {height: 2529, left: 0, top: 172, width: 1440}, warnings: {}, webStorageEnabled: false}
Session ID: 02b9fd67-588f-48d7-84b5-00e3be26b4a1" type="org.openqa.selenium.StaleElementReferenceException">
      <![CDATA[org.openqa.selenium.StaleElementReferenceException: The element 'By.xpath: //android.view.ViewGroup[3]/android.view.ViewGroup/android.widget.TextView[2]' is not linked to the same object in DOM anymore
For documentation on this error, please visit: https://www.seleniumhq.org/exceptions/stale_element_reference.html
Build info: version: '3.141.59', revision: 'e82be7d358', time: '2018-11-14T08:17:03'
System info: host: 'LAPTOP-D8OCJ5DE', ip: '173.16.65.3', os.name: 'Windows 10', os.arch: 'amd64', os.version: '10.0', java.version: '11.0.9'
Driver info: io.appium.java_client.android.AndroidDriver
Capabilities {app: C:\Users\shilp\eclipse-work..., appPackage: com.curioStellaTwo, databaseEnabled: false, desired: {app: C:\Users\shilp\eclipse-work..., isHeadless: true, platformName: android}, deviceApiLevel: 30, deviceManufacturer: unknown, deviceModel: Android SDK built for x86, deviceName: emulator-5554, deviceScreenDensity: 560, deviceScreenSize: 1440x3040, deviceUDID: emulator-5554, isHeadless: true, javascriptEnabled: true, locationContextEnabled: false, networkConnectionEnabled: true, pixelRatio: 3.5, platform: LINUX, platformName: Android, platformVersion: 11, statBarHeight: 172, takesScreenshot: true, viewportRect: {height: 2529, left: 0, top: 172, width: 1440}, warnings: {}, webStorageEnabled: false}
Session ID: 02b9fd67-588f-48d7-84b5-00e3be26b4a1
at java.base/jdk.internal.reflect.NativeConstructorAccessorImpl.newInstance0(Native Method)
at java.base/jdk.internal.reflect.NativeConstructorAccessorImpl.newInstance(NativeConstructorAccessorImpl.java:62)
at java.base/jdk.internal.reflect.DelegatingConstructorAccessorImpl.newInstance(DelegatingConstructorAccessorImpl.java:45)
at java.base/java.lang.reflect.Constructor.newInstance(Constructor.java:490)
at org.openqa.selenium.remote.http.W3CHttpResponseCodec.createException(W3CHttpResponseCodec.java:187)
at org.openqa.selenium.remote.http.W3CHttpResponseCodec.decode(W3CHttpResponseCodec.java:122)
at org.openqa.selenium.remote.http.W3CHttpResponseCodec.decode(W3CHttpResponseCodec.java:49)
at org.openqa.selenium.remote.HttpCommandExecutor.execute(HttpCommandExecutor.java:158)
at io.appium.java_client.remote.AppiumCommandExecutor.execute(AppiumCommandExecutor.java:247)
at org.openqa.selenium.remote.RemoteWebDriver.execute(RemoteWebDriver.java:552)
at io.appium.java_client.DefaultGenericMobileDriver.execute(DefaultGenericMobileDriver.java:41)
at io.appium.java_client.AppiumDriver.execute(AppiumDriver.java:1)
at io.appium.java_client.android.AndroidDriver.execute(AndroidDriver.java:1)
at org.openqa.selenium.remote.RemoteWebElement.execute(RemoteWebElement.java:285)
at io.appium.java_client.DefaultGenericMobileElement.execute(DefaultGenericMobileElement.java:45)
at io.appium.java_client.MobileElement.execute(MobileElement.java:1)
at io.appium.java_client.android.AndroidElement.execute(AndroidElement.java:1)
at org.openqa.selenium.remote.RemoteWebElement.getText(RemoteWebElement.java:166)
at java.base/jdk.internal.reflect.NativeMethodAccessorImpl.invoke0(Native Method)
at java.base/jdk.internal.reflect.NativeMethodAccessorImpl.invoke(NativeMethodAccessorImpl.java:62)
at java.base/jdk.internal.reflect.DelegatingMethodAccessorImpl.invoke(DelegatingMethodAccessorImpl.java:43)
at java.base/java.lang.reflect.Method.invoke(Method.java:566)
at io.appium.java_client.pagefactory.ElementInterceptor.getObject(ElementInterceptor.java:40)
at io.appium.java_client.pagefactory.interceptors.InterceptorOfASingleElement.intercept(InterceptorOfASingleElement.java:60)
at io.appium.java_client.android.AndroidElement$$EnhancerByCGLIB$$b598166c.getText(<generated>)
at PageObjects.SleepTracker.checksleeppoints(SleepTracker.java:151)
at Testcases.FlowFirst$Login.sleeptracker(FlowFirst.java:44)
at java.base/jdk.internal.reflect.NativeMethodAccessorImpl.invoke0(Native Method)
at java.base/jdk.internal.reflect.NativeMethodAccessorImpl.invoke(NativeMethodAccessorImpl.java:62)
at java.base/jdk.internal.reflect.DelegatingMethodAccessorImpl.invoke(DelegatingMethodAccessorImpl.java:43)
at java.base/java.lang.reflect.Method.invoke(Method.java:566)
at org.testng.internal.MethodInvocationHelper.invokeMethod(MethodInvocationHelper.java:133)
at org.testng.internal.TestInvoker.invokeMethod(TestInvoker.java:598)
at org.testng.internal.TestInvoker.invokeTestMethod(TestInvoker.java:173)
at org.testng.internal.MethodRunner.runInSequence(MethodRunner.java:46)
at org.testng.internal.TestInvoker$MethodInvocationAgent.invoke(TestInvoker.java:824)
at org.testng.internal.TestInvoker.invokeTestMethods(TestInvoker.java:146)
at org.testng.internal.TestMethodWorker.invokeTestMethods(TestMethodWorker.java:146)
at org.testng.internal.TestMethodWorker.run(TestMethodWorker.java:128)
at java.base/java.util.ArrayList.forEach(ArrayList.java:1541)
at org.testng.TestRunner.privateRun(TestRunner.java:794)
at org.testng.TestRunner.run(TestRunner.java:596)
at org.testng.SuiteRunner.runTest(SuiteRunner.java:377)
at org.testng.SuiteRunner.runSequentially(SuiteRunner.java:371)
at org.testng.SuiteRunner.privateRun(SuiteRunner.java:332)
at org.testng.SuiteRunner.run(SuiteRunner.java:276)
at org.testng.SuiteRunnerWorker.runSuite(SuiteRunnerWorker.java:53)
at org.testng.SuiteRunnerWorker.run(SuiteRunnerWorker.java:96)
at org.testng.TestNG.runSuitesSequentially(TestNG.java:1212)
at org.testng.TestNG.runSuitesLocally(TestNG.java:1134)
at org.testng.TestNG.runSuites(TestNG.java:1063)
at org.testng.TestNG.run(TestNG.java:1031)
at org.testng.remote.AbstractRemoteTestNG.run(AbstractRemoteTestNG.java:115)
at org.testng.remote.RemoteTestNG.initAndRun(RemoteTestNG.java:251)
at org.testng.remote.RemoteTestNG.main(RemoteTestNG.java:77)
]]>
    </error>
  </testcase> <!-- sleeptracker -->
  <system-out/>
  <testcase classname="Testcases.FlowFirst$Login" name="logoff" time="0.000">
    <skipped/>
  </testcase> <!-- logoff -->
  <system-out/>
  <testcase classname="Testcases.FlowFirst$Login" name="trackmood" time="0.000">
    <skipped/>
  </testcase> <!-- trackmood -->
  <system-out/>
  <testcase classname="Testcases.FlowFirst$Login" name="Login" time="7.326"/>
  <system-out/>
</testsuite> <!-- Testcases.FlowFirst$Login -->
