<?xml version="1.0" encoding="UTF-8"?>
<!-- Generated by org.testng.reporters.JUnitReportReporter -->
<testsuite hostname="LAPTOP-D8OCJ5DE" failures="0" tests="2" name="WEEK1.Week1Day7" time="151.156" errors="0" timestamp="2022-01-28T13:14:31 IST" skipped="0">
  <testcase classname="WEEK1.Week1Day7" name="Login" time="6.888"/>
  <system-out/>
  <testcase classname="WEEK1.Week1Day7" name="Week1Day7" time="144.268"/>
  <system-out/>
</testsuite> <!-- WEEK1.Week1Day7 -->
