<?xml version="1.0" encoding="UTF-8"?>
<!-- Generated by org.testng.reporters.JUnitReportReporter -->
<testsuite hostname="LAPTOP-D8OCJ5DE" failures="0" tests="2" name="WEEK3.Week3Day7" time="114.022" errors="0" timestamp="2022-01-28T15:14:21 IST" skipped="0">
  <testcase classname="WEEK3.Week3Day7" name="Login" time="5.762"/>
  <system-out/>
  <testcase classname="WEEK3.Week3Day7" name="checlearningdweek3day7" time="108.260"/>
  <system-out/>
</testsuite> <!-- WEEK3.Week3Day7 -->
