<?xml version="1.0" encoding="UTF-8"?>
<!-- Generated by org.testng.reporters.JUnitReportReporter -->
<testsuite hostname="LAPTOP-D8OCJ5DE" failures="0" tests="2" name="WEEK3.Week3Day5" time="138.821" errors="0" timestamp="2022-03-09T18:48:37 IST" skipped="0">
  <testcase classname="WEEK3.Week3Day5" name="Login" time="4.236"/>
  <system-out/>
  <testcase classname="WEEK3.Week3Day5" name="checlearningdweek3day5" time="134.585"/>
  <system-out/>
</testsuite> <!-- WEEK3.Week3Day5 -->
