<?xml version="1.0" encoding="UTF-8"?>
<!-- Generated by org.testng.reporters.JUnitReportReporter -->
<testsuite hostname="LAPTOP-D8OCJ5DE" failures="0" tests="2" name="WEEK3.Week3Day6" time="95.300" errors="0" timestamp="2022-03-09T18:40:44 IST" skipped="0">
  <testcase classname="WEEK3.Week3Day6" name="Login" time="3.647"/>
  <system-out/>
  <testcase classname="WEEK3.Week3Day6" name="checlearningdweek3day6" time="91.653"/>
  <system-out/>
</testsuite> <!-- WEEK3.Week3Day6 -->
