<?xml version="1.0" encoding="UTF-8"?>
<!-- Generated by org.testng.reporters.JUnitReportReporter -->
<testsuite hostname="DESKTOP-LGOJ7E9" failures="0" tests="12" name="Testcases.PatientProcess" time="0.069" errors="1" timestamp="2022-08-04T12:48:46 IST" skipped="11">
  <testcase classname="Testcases.PatientProcess" name="launchHospitalPortal" time="0.069">
    <error message="The driver executable does not exist: C:\Users\shilp\Downloads\edgedriver_win64\msedgedriver.exe" type="java.lang.IllegalStateException">
      <![CDATA[java.lang.IllegalStateException: The driver executable does not exist: C:\Users\shilp\Downloads\edgedriver_win64\msedgedriver.exe
at com.google.common.base.Preconditions.checkState(Preconditions.java:585)
at org.openqa.selenium.remote.service.DriverService.checkExecutable(DriverService.java:146)
at org.openqa.selenium.remote.service.DriverService.findExecutable(DriverService.java:141)
at org.openqa.selenium.edge.EdgeDriverService.access$000(EdgeDriverService.java:37)
at org.openqa.selenium.edge.EdgeDriverService$Builder.findDefaultExecutable(EdgeDriverService.java:90)
at org.openqa.selenium.remote.service.DriverService$Builder.build(DriverService.java:355)
at org.openqa.selenium.edge.EdgeDriverService.createDefaultService(EdgeDriverService.java:70)
at org.openqa.selenium.edge.EdgeDriver.<init>(EdgeDriver.java:96)
at Resources.BrowserBase.initializeBrowser(BrowserBase.java:56)
at Testcases.PatientProcess.launchHospitalPortal(PatientProcess.java:30)
at java.base/jdk.internal.reflect.NativeMethodAccessorImpl.invoke0(Native Method)
at java.base/jdk.internal.reflect.NativeMethodAccessorImpl.invoke(NativeMethodAccessorImpl.java:77)
at java.base/jdk.internal.reflect.DelegatingMethodAccessorImpl.invoke(DelegatingMethodAccessorImpl.java:43)
at java.base/java.lang.reflect.Method.invoke(Method.java:568)
at org.testng.internal.MethodInvocationHelper.invokeMethod(MethodInvocationHelper.java:133)
at org.testng.internal.MethodInvocationHelper.invokeMethodConsideringTimeout(MethodInvocationHelper.java:62)
at org.testng.internal.ConfigInvoker.invokeConfigurationMethod(ConfigInvoker.java:385)
at org.testng.internal.ConfigInvoker.invokeConfigurations(ConfigInvoker.java:321)
at org.testng.TestRunner.invokeTestConfigurations(TestRunner.java:637)
at org.testng.TestRunner.beforeRun(TestRunner.java:627)
at org.testng.TestRunner.run(TestRunner.java:589)
at org.testng.SuiteRunner.runTest(SuiteRunner.java:377)
at org.testng.SuiteRunner.runSequentially(SuiteRunner.java:371)
at org.testng.SuiteRunner.privateRun(SuiteRunner.java:332)
at org.testng.SuiteRunner.run(SuiteRunner.java:276)
at org.testng.SuiteRunnerWorker.runSuite(SuiteRunnerWorker.java:53)
at org.testng.SuiteRunnerWorker.run(SuiteRunnerWorker.java:96)
at org.testng.TestNG.runSuitesSequentially(TestNG.java:1212)
at org.testng.TestNG.runSuitesLocally(TestNG.java:1134)
at org.testng.TestNG.runSuites(TestNG.java:1063)
at org.testng.TestNG.run(TestNG.java:1031)
at org.testng.remote.AbstractRemoteTestNG.run(AbstractRemoteTestNG.java:115)
at org.testng.remote.RemoteTestNG.initAndRun(RemoteTestNG.java:251)
at org.testng.remote.RemoteTestNG.main(RemoteTestNG.java:77)
]]>
    </error>
  </testcase> <!-- launchHospitalPortal -->
  <system-out/>
  <testcase classname="Testcases.PatientProcess" name="hospitalPortalLogin" time="0.000">
    <skipped/>
  </testcase> <!-- hospitalPortalLogin -->
  <system-out/>
  <testcase classname="Testcases.PatientProcess" name="addPatient" time="0.000">
    <skipped/>
  </testcase> <!-- addPatient -->
  <system-out/>
  <testcase classname="Testcases.PatientProcess" name="registerPatient" time="0.000">
    <skipped/>
  </testcase> <!-- registerPatient -->
  <system-out/>
  <testcase classname="Testcases.PatientProcess" name="assignMLPProgram" time="0.000">
    <skipped/>
  </testcase> <!-- assignMLPProgram -->
  <system-out/>
  <testcase classname="Testcases.PatientProcess" name="getRegistrationCode" time="0.000">
    <skipped/>
  </testcase> <!-- getRegistrationCode -->
  <system-out/>
  <testcase classname="Testcases.PatientProcess" name="Launchapp" time="0.000">
    <skipped/>
  </testcase> <!-- Launchapp -->
  <system-out/>
  <testcase classname="Testcases.PatientProcess" name="Login" time="0.000">
    <skipped/>
  </testcase> <!-- Login -->
  <system-out/>
  <testcase classname="Testcases.PatientProcess" name="EPDSCalculation" time="0.000">
    <skipped/>
  </testcase> <!-- EPDSCalculation -->
  <system-out/>
  <testcase classname="Testcases.PatientProcess" name="launchSuperAdminPortal" time="0.000">
    <skipped/>
  </testcase> <!-- launchSuperAdminPortal -->
  <system-out/>
  <testcase classname="Testcases.PatientProcess" name="loginSuperAdminPortal" time="0.000">
    <skipped/>
  </testcase> <!-- loginSuperAdminPortal -->
  <system-out/>
  <testcase classname="Testcases.PatientProcess" name="getdistributionlistmail" time="0.000">
    <skipped/>
  </testcase> <!-- getdistributionlistmail -->
  <system-out/>
</testsuite> <!-- Testcases.PatientProcess -->
