<?xml version="1.0" encoding="UTF-8"?>
<!-- Generated by org.testng.reporters.JUnitReportReporter -->
<testsuite hostname="DESKTOP-LGOJ7E9" failures="0" tests="2" name="Testcases.StellaChat" time="22.783" errors="0" timestamp="2022-08-08T11:09:45 IST" skipped="0">
  <testcase classname="Testcases.StellaChat" name="loginTest" time="6.616"/>
  <system-out/>
  <testcase classname="Testcases.StellaChat" name="stella" time="16.167"/>
  <system-out/>
</testsuite> <!-- Testcases.StellaChat -->
