<?xml version="1.0" encoding="UTF-8"?>
<!-- Generated by org.testng.reporters.JUnitReportReporter -->
<testsuite hostname="LAPTOP-D8OCJ5DE" failures="0" tests="2" name="WEEK5.Week5Day4" time="210.903" errors="0" timestamp="2022-03-03T14:29:49 IST" skipped="0">
  <testcase classname="WEEK5.Week5Day4" name="Login" time="6.184"/>
  <system-out/>
  <testcase classname="WEEK5.Week5Day4" name="checklearningWeek5Day4" time="204.719"/>
  <system-out/>
</testsuite> <!-- WEEK5.Week5Day4 -->
