<?xml version="1.0" encoding="UTF-8"?>
<!-- Generated by org.testng.reporters.JUnitReportReporter -->
<testsuite hostname="LAPTOP-D8OCJ5DE" failures="0" tests="2" name="WEEK4.Week4Day2" time="125.010" errors="0" timestamp="2022-01-28T15:24:47 IST" skipped="0">
  <testcase classname="WEEK4.Week4Day2" name="Login" time="5.410"/>
  <system-out/>
  <testcase classname="WEEK4.Week4Day2" name="checklearningWeek4Day1" time="119.600"/>
  <system-out/>
</testsuite> <!-- WEEK4.Week4Day2 -->
