<?xml version="1.0" encoding="UTF-8"?>
<!-- Generated by org.testng.reporters.JUnitReportReporter -->
<testsuite hostname="LAPTOP-D8OCJ5DE" failures="0" tests="2" name="Testcases.Week1Day3" time="266.983" errors="0" timestamp="2021-12-06T14:23:39 IST" skipped="0">
  <testcase classname="Testcases.Week1Day3" name="Login" time="5.498"/>
  <system-out/>
  <testcase classname="Testcases.Week1Day3" name="Week1Day3" time="261.485"/>
  <system-out/>
</testsuite> <!-- Testcases.Week1Day3 -->
