<?xml version="1.0" encoding="UTF-8"?>
<!-- Generated by org.testng.reporters.JUnitReportReporter -->
<testsuite hostname="LAPTOP-D8OCJ5DE" failures="0" tests="6" name="Testcases.CheckKeywords" time="135.455" errors="0" timestamp="2022-06-29T17:15:16 IST" skipped="0">
  <testcase classname="Testcases.CheckKeywords" name="Login" time="5.156"/>
  <system-out/>
  <testcase classname="Testcases.CheckKeywords" name="enterKeywordInJournal" time="9.854"/>
  <system-out/>
  <testcase classname="Testcases.CheckKeywords" name="checkAdmin" time="45.848"/>
  <system-out/>
  <testcase classname="Testcases.CheckKeywords" name="AdminLogin" time="23.551"/>
  <system-out/>
  <testcase classname="Testcases.CheckKeywords" name="checkContactPersonEMail" time="37.602"/>
  <system-out/>
  <testcase classname="Testcases.CheckKeywords" name="checkPatientsEmail" time="13.444"/>
  <system-out/>
</testsuite> <!-- Testcases.CheckKeywords -->
