<?xml version="1.0" encoding="UTF-8"?>
<!-- Generated by org.testng.reporters.JUnitReportReporter -->
<testsuite hostname="LAPTOP-D8OCJ5DE" failures="0" tests="2" name="WEEK5.Week5Day5" time="54.155" errors="0" timestamp="2022-03-03T14:46:01 IST" skipped="0">
  <testcase classname="WEEK5.Week5Day5" name="Login" time="5.897"/>
  <system-out/>
  <testcase classname="WEEK5.Week5Day5" name="checklearningWeek5Day5" time="48.258"/>
  <system-out/>
</testsuite> <!-- WEEK5.Week5Day5 -->
