<?xml version="1.0" encoding="UTF-8"?>
<!-- Generated by org.testng.reporters.JUnitReportReporter -->
<testsuite hostname="DESKTOP-LGOJ7E9" failures="0" tests="2" name="Testcases.Checknotification" time="16.787" errors="0" timestamp="2022-09-20T13:44:00 IST" skipped="0">
  <testcase classname="Testcases.Checknotification" name="loginTest" time="5.498"/>
  <system-out/>
  <testcase classname="Testcases.Checknotification" name="notcheck" time="11.289"/>
  <system-out/>
</testsuite> <!-- Testcases.Checknotification -->
