<?xml version="1.0" encoding="UTF-8"?>
<!-- Generated by org.testng.reporters.JUnitReportReporter -->
<testsuite hostname="LAPTOP-D8OCJ5DE" failures="0" tests="2" name="WEEK2.Week2Day2" time="42.603" errors="0" timestamp="2022-03-22T11:21:09 IST" skipped="0">
  <testcase classname="WEEK2.Week2Day2" name="Login" time="4.764"/>
  <system-out/>
  <testcase classname="WEEK2.Week2Day2" name="checklearningweek2" time="37.839"/>
  <system-out/>
</testsuite> <!-- WEEK2.Week2Day2 -->
