<?xml version="1.0" encoding="UTF-8"?>
<!-- Generated by org.testng.reporters.JUnitReportReporter -->
<testsuite hostname="LAPTOP-D8OCJ5DE" failures="0" tests="1" name="Week7.Week7Day6" time="103.420" errors="0" timestamp="2022-03-10T16:53:14 IST" skipped="0">
  <testcase classname="Week7.Week7Day6" name="checklearningWeek5Day1" time="103.420"/>
  <system-out/>
</testsuite> <!-- Week7.Week7Day6 -->
