<?xml version="1.0" encoding="UTF-8"?>
<!-- Generated by org.testng.reporters.JUnitReportReporter -->
<testsuite hostname="LAPTOP-D8OCJ5DE" failures="0" tests="2" name="Week6.Week6Day1" time="127.971" errors="0" timestamp="2022-03-05T09:55:55 IST" skipped="0">
  <testcase classname="Week6.Week6Day1" name="Login" time="5.876"/>
  <system-out/>
  <testcase classname="Week6.Week6Day1" name="checklearningWeek6Day1" time="122.095"/>
  <system-out/>
</testsuite> <!-- Week6.Week6Day1 -->
