<?xml version="1.0" encoding="UTF-8"?>
<!-- Generated by org.testng.reporters.JUnitReportReporter -->
<testsuite hostname="LAPTOP-D8OCJ5DE" failures="0" tests="2" name="WEEK5.Week5Day3" time="48.916" errors="0" timestamp="2022-03-03T12:00:50 IST" skipped="0">
  <testcase classname="WEEK5.Week5Day3" name="Login" time="6.114"/>
  <system-out/>
  <testcase classname="WEEK5.Week5Day3" name="checklearningWeek5Day3" time="42.802"/>
  <system-out/>
</testsuite> <!-- WEEK5.Week5Day3 -->
