<?xml version="1.0" encoding="UTF-8"?>
<!-- Generated by org.testng.reporters.JUnitReportReporter -->
<testsuite hostname="LAPTOP-D8OCJ5DE" failures="0" tests="2" name="Testcases.SleepTracker" time="17.203" errors="0" timestamp="2021-11-25T12:18:19 IST" skipped="0">
  <testcase classname="Testcases.SleepTracker" name="Login" time="9.390"/>
  <system-out/>
  <testcase classname="Testcases.SleepTracker" name="sleeptracker" time="7.813"/>
  <system-out/>
</testsuite> <!-- Testcases.SleepTracker -->
