<?xml version="1.0" encoding="UTF-8"?>
<!-- Generated by org.testng.reporters.JUnitReportReporter -->
<testsuite hostname="LAPTOP-D8OCJ5DE" failures="0" tests="2" name="WEEK4.Week4Day7" time="274.191" errors="0" timestamp="2022-02-09T17:59:43 IST" skipped="0">
  <testcase classname="WEEK4.Week4Day7" name="Login" time="6.993"/>
  <system-out/>
  <testcase classname="WEEK4.Week4Day7" name="checklearningWeek4Day7" time="267.198"/>
  <system-out/>
</testsuite> <!-- WEEK4.Week4Day7 -->
