<?xml version="1.0" encoding="UTF-8"?>
<!-- Generated by org.testng.reporters.JUnitReportReporter -->
<testsuite hostname="LAPTOP-D8OCJ5DE" failures="0" tests="2" name="Week7.Week7Day1" time="81.524" errors="0" timestamp="2022-03-10T16:53:14 IST" skipped="0">
  <testcase classname="Week7.Week7Day1" name="Login" time="4.853"/>
  <system-out/>
  <testcase classname="Week7.Week7Day1" name="checklearningWeek7Day1" time="76.671"/>
  <system-out/>
</testsuite> <!-- Week7.Week7Day1 -->
