<?xml version="1.0" encoding="UTF-8"?>
<!-- Generated by org.testng.reporters.JUnitReportReporter -->
<testsuite hostname="LAPTOP-D8OCJ5DE" failures="0" tests="2" name="WEEK2.Week2Day3" time="60.376" errors="0" timestamp="2022-03-22T11:34:55 IST" skipped="0">
  <testcase classname="WEEK2.Week2Day3" name="Login" time="5.284"/>
  <system-out/>
  <testcase classname="WEEK2.Week2Day3" name="checklearningweek2" time="55.092"/>
  <system-out/>
</testsuite> <!-- WEEK2.Week2Day3 -->
