<?xml version="1.0" encoding="UTF-8"?>
<!-- Generated by org.testng.reporters.JUnitReportReporter -->
<testsuite hostname="LAPTOP-D8OCJ5DE" failures="0" tests="2" name="Testcases.Week1Day2" time="395.273" errors="0" timestamp="2021-12-06T13:01:24 IST" skipped="0">
  <testcase classname="Testcases.Week1Day2" name="Login" time="6.616"/>
  <system-out/>
  <testcase classname="Testcases.Week1Day2" name="Week1Day2" time="388.657"/>
  <system-out/>
</testsuite> <!-- Testcases.Week1Day2 -->
