<?xml version="1.0" encoding="UTF-8"?>
<!-- Generated by org.testng.reporters.JUnitReportReporter -->
<testsuite hostname="LAPTOP-D8OCJ5DE" failures="0" tests="2" name="WEEK1.Week1Day2" time="620.654" errors="0" timestamp="2022-03-21T10:55:34 IST" skipped="0">
  <testcase classname="WEEK1.Week1Day2" name="Login" time="5.032"/>
  <system-out/>
  <testcase classname="WEEK1.Week1Day2" name="Week1Day2" time="615.622"/>
  <system-out/>
</testsuite> <!-- WEEK1.Week1Day2 -->
