<?xml version="1.0" encoding="UTF-8"?>
<!-- Generated by org.testng.reporters.JUnitReportReporter -->
<testsuite hostname="LAPTOP-D8OCJ5DE" failures="0" tests="2" name="WEEK4.Week4Day3" time="249.847" errors="0" timestamp="2022-01-21T13:35:35 IST" skipped="0">
  <testcase classname="WEEK4.Week4Day3" name="Login" time="5.188"/>
  <system-out/>
  <testcase classname="WEEK4.Week4Day3" name="checklearningWeek4Day1" time="244.659"/>
  <system-out/>
</testsuite> <!-- WEEK4.Week4Day3 -->
