<?xml version="1.0" encoding="UTF-8"?>
<!-- Generated by org.testng.reporters.JUnitReportReporter -->
<testsuite hostname="LAPTOP-D8OCJ5DE" failures="0" tests="2" name="Testcases.Week3Day1" time="334.416" errors="0" timestamp="2021-12-03T16:02:23 IST" skipped="0">
  <testcase classname="Testcases.Week3Day1" name="Login" time="6.016"/>
  <system-out/>
  <testcase classname="Testcases.Week3Day1" name="checlearningdweek3day1" time="328.400"/>
  <system-out/>
</testsuite> <!-- Testcases.Week3Day1 -->
