<?xml version="1.0" encoding="UTF-8"?>
<!-- Generated by org.testng.reporters.JUnitReportReporter -->
<testsuite hostname="LAPTOP-D8OCJ5DE" failures="0" tests="2" name="WEEK1.Week1Day3" time="242.088" errors="0" timestamp="2022-01-28T11:47:40 IST" skipped="0">
  <testcase classname="WEEK1.Week1Day3" name="Login" time="5.476"/>
  <system-out/>
  <testcase classname="WEEK1.Week1Day3" name="Week1Day3" time="236.612"/>
  <system-out/>
</testsuite> <!-- WEEK1.Week1Day3 -->
