<?xml version="1.0" encoding="UTF-8"?>
<!-- Generated by org.testng.reporters.JUnitReportReporter -->
<testsuite hostname="DESKTOP-LGOJ7E9" failures="0" tests="3" name="Testcases.appInformation" time="22.162" errors="0" timestamp="2022-09-20T12:56:42 IST" skipped="0">
  <testcase classname="Testcases.appInformation" name="loginTest" time="5.775"/>
  <system-out/>
  <testcase classname="Testcases.appInformation" name="checkappinfo" time="11.314"/>
  <system-out/>
  <testcase classname="Testcases.appInformation" name="Logout" time="5.073"/>
  <system-out/>
</testsuite> <!-- Testcases.appInformation -->
