<?xml version="1.0" encoding="UTF-8"?>
<!-- Generated by org.testng.reporters.JUnitReportReporter -->
<testsuite hostname="LAPTOP-D8OCJ5DE" failures="0" tests="2" name="Testcases.RegressionSleeptracker" time="128.944" errors="0" timestamp="2021-11-30T17:11:21 IST" skipped="0">
  <testcase classname="Testcases.RegressionSleeptracker" name="Login" time="9.260"/>
  <system-out/>
  <testcase classname="Testcases.RegressionSleeptracker" name="sleeptracker" time="119.684"/>
  <system-out/>
</testsuite> <!-- Testcases.RegressionSleeptracker -->
