<?xml version="1.0" encoding="UTF-8"?>
<!-- Generated by org.testng.reporters.JUnitReportReporter -->
<testsuite hostname="LAPTOP-D8OCJ5DE" failures="0" tests="2" name="Testcases.Activities" time="38.778" errors="0" timestamp="2021-11-26T17:18:55 IST" skipped="0">
  <testcase classname="Testcases.Activities" name="Login" time="9.548"/>
  <system-out/>
  <testcase classname="Testcases.Activities" name="checkactivity" time="29.230"/>
  <system-out/>
</testsuite> <!-- Testcases.Activities -->
