<?xml version="1.0" encoding="UTF-8"?>
<!-- Generated by org.testng.reporters.JUnitReportReporter -->
<testsuite hostname="LAPTOP-D8OCJ5DE" failures="0" tests="2" name="Testcases.SleepTracking" time="20.951" errors="0" timestamp="2021-11-26T16:59:46 IST" skipped="0">
  <testcase classname="Testcases.SleepTracking" name="Login" time="8.852"/>
  <system-out/>
  <testcase classname="Testcases.SleepTracking" name="sleeptracker" time="12.099"/>
  <system-out/>
</testsuite> <!-- Testcases.SleepTracking -->
