<?xml version="1.0" encoding="UTF-8"?>
<!-- Generated by org.testng.reporters.JUnitReportReporter -->
<testsuite hostname="LAPTOP-D8OCJ5DE" failures="0" tests="2" name="Testcases.SignedIN" time="42.705" errors="0" timestamp="2021-11-24T13:44:09 IST" skipped="0">
  <testcase classname="Testcases.SignedIN" name="Test_SaveContact" time="14.549"/>
  <system-out/>
  <testcase classname="Testcases.SignedIN" name="Login" time="28.156"/>
  <system-out/>
</testsuite> <!-- Testcases.SignedIN -->
