<?xml version="1.0" encoding="UTF-8"?>
<!-- Generated by org.testng.reporters.JUnitReportReporter -->
<testsuite hostname="DESKTOP-HN1R936" failures="0" tests="1" name="Testcases.SuperAdminManagePlan" time="27.903" errors="0" timestamp="2022-05-04T10:45:46 IST" skipped="0">
  <testcase classname="Testcases.SuperAdminManagePlan" name="AddEditDleteSerahPlan" time="27.903"/>
  <system-out/>
</testsuite> <!-- Testcases.SuperAdminManagePlan -->
