<?xml version="1.0" encoding="UTF-8"?>
<!-- Generated by org.testng.reporters.JUnitReportReporter -->
<testsuite hostname="DESKTOP-HN1R936" failures="0" tests="1" name="Testcases.SuperAdminManagecontent" time="302.444" errors="0" timestamp="2022-05-04T10:25:02 IST" skipped="0">
  <testcase classname="Testcases.SuperAdminManagecontent" name="Managenotification" time="302.444"/>
  <system-out/>
</testsuite> <!-- Testcases.SuperAdminManagecontent -->
