<?xml version="1.0" encoding="UTF-8"?>
<!-- Generated by org.testng.reporters.JUnitReportReporter -->
<testsuite hostname="DESKTOP-HN1R936" failures="0" tests="1" name="Testcases.Weektwo" time="215.481" errors="0" timestamp="2022-05-03T16:30:47 IST" skipped="0">
  <testcase classname="Testcases.Weektwo" name="signInStellaLite" time="215.481"/>
  <system-out/>
</testsuite> <!-- Testcases.Weektwo -->
