<?xml version="1.0" encoding="UTF-8"?>
<!-- Generated by org.testng.reporters.JUnitReportReporter -->
<testsuite hostname="DESKTOP-HN1R936" failures="0" tests="1" name="Testcases.SuperAdminManageQuotes" time="28.778" errors="0" timestamp="2022-05-04T10:48:54 IST" skipped="0">
  <testcase classname="Testcases.SuperAdminManageQuotes" name="AddEditDleteSerahQuotes" time="28.778"/>
  <system-out/>
</testsuite> <!-- Testcases.SuperAdminManageQuotes -->
