<?xml version="1.0" encoding="UTF-8"?>
<!-- Generated by org.testng.reporters.JUnitReportReporter -->
<testsuite hostname="DESKTOP-HN1R936" failures="0" tests="1" name="Testcases.ForgetPassword" time="24.896" errors="0" timestamp="2022-08-10T12:24:28 IST" skipped="0">
  <testcase classname="Testcases.ForgetPassword" name="ForgetPass" time="24.896"/>
  <system-out/>
</testsuite> <!-- Testcases.ForgetPassword -->
