<?xml version="1.0" encoding="UTF-8"?>
<!-- Generated by org.testng.reporters.JUnitReportReporter -->
<testsuite hostname="DESKTOP-HN1R936" failures="0" tests="3" name="Testcases.SocialLogin" time="53.997" errors="0" timestamp="2022-04-19T17:56:22 IST" skipped="0">
  <testcase classname="Testcases.SocialLogin" name="SocialLogin_Facebook" time="12.563"/>
  <system-out/>
  <testcase classname="Testcases.SocialLogin" name="SocialLogin_Google" time="19.949"/>
  <system-out/>
  <testcase classname="Testcases.SocialLogin" name="SocialLogin_Apple" time="21.485"/>
  <system-out/>
</testsuite> <!-- Testcases.SocialLogin -->
