<?xml version="1.0" encoding="UTF-8"?>
<!-- Generated by org.testng.reporters.JUnitReportReporter -->
<testsuite hostname="DESKTOP-HEFKRQG" failures="0" tests="1" name="Testcases.SuperAdminRegisterReserveWords" time="20.102" errors="0" timestamp="2022-02-18T04:10:07 GMT-05:00" skipped="0">
  <testcase classname="Testcases.SuperAdminRegisterReserveWords" name="AddEditDleteSerahReserveWords" time="20.102"/>
  <system-out/>
</testsuite> <!-- Testcases.SuperAdminRegisterReserveWords -->
