<?xml version="1.0" encoding="UTF-8"?>
<!-- Generated by org.testng.reporters.JUnitReportReporter -->
<testsuite hostname="EBA-004" failures="0" tests="2" name="Testcases.GetStarted2" time="22.762" errors="0" timestamp="2022-02-01T18:42:54 IST" skipped="0">
  <testcase classname="Testcases.GetStarted2" name="Registration" time="20.422"/>
  <system-out/>
  <testcase classname="Testcases.GetStarted2" name="getStarted" time="2.340"/>
  <system-out/>
</testsuite> <!-- Testcases.GetStarted2 -->
