<?xml version="1.0" encoding="UTF-8"?>
<!-- Generated by org.testng.reporters.JUnitReportReporter -->
<testsuite hostname="DESKTOP-HEFKRQG" failures="0" tests="1" name="Testcases.ProfileStellaLite" time="50.183" errors="0" timestamp="2022-02-25T03:09:48 GMT-05:00" skipped="0">
  <testcase classname="Testcases.ProfileStellaLite" name="ProfileStellaLiteApp" time="50.183"/>
  <system-out/>
</testsuite> <!-- Testcases.ProfileStellaLite -->
