<?xml version="1.0" encoding="UTF-8"?>
<!-- Generated by org.testng.reporters.JUnitReportReporter -->
<testsuite hostname="DESKTOP-HN1R936" failures="0" tests="1" name="Testcases.CheckSocialLinksOnLandingPage" time="22.718" errors="0" timestamp="2022-05-05T11:03:03 IST" skipped="0">
  <testcase classname="Testcases.CheckSocialLinksOnLandingPage" name="checkLinks" time="22.718"/>
  <system-out/>
</testsuite> <!-- Testcases.CheckSocialLinksOnLandingPage -->
