<?xml version="1.0" encoding="UTF-8"?>
<!-- Generated by org.testng.reporters.JUnitReportReporter -->
<testsuite hostname="DESKTOP-HEFKRQG" failures="0" tests="1" name="Testcases.SuperAdminManagePage" time="30.779" errors="0" timestamp="2022-02-23T08:02:31 GMT-05:00" skipped="0">
  <testcase classname="Testcases.SuperAdminManagePage" name="AddEditDleteSerahPlan" time="30.779"/>
  <system-out/>
</testsuite> <!-- Testcases.SuperAdminManagePage -->
