<?xml version="1.0" encoding="UTF-8"?>
<!-- Generated by org.testng.reporters.JUnitReportReporter -->
<testsuite hostname="DESKTOP-HN1R936" failures="0" tests="1" name="Testcases.SuperAdminRegisterSubAdmin" time="20.696" errors="0" timestamp="2022-05-04T10:51:39 IST" skipped="0">
  <testcase classname="Testcases.SuperAdminRegisterSubAdmin" name="RegisterSubAdmin" time="20.696"/>
  <system-out/>
</testsuite> <!-- Testcases.SuperAdminRegisterSubAdmin -->
