<?xml version="1.0" encoding="UTF-8"?>
<!-- Generated by org.testng.reporters.JUnitReportReporter -->
<testsuite hostname="DESKTOP-HN1R936" failures="0" tests="1" name="Testcases.SuperAdmin" time="71.453" errors="0" timestamp="2022-04-19T12:51:27 IST" skipped="0">
  <testcase classname="Testcases.SuperAdmin" name="Superadmin" time="71.453"/>
  <system-out/>
</testsuite> <!-- Testcases.SuperAdmin -->
