<?xml version="1.0" encoding="UTF-8"?>
<!-- Generated by org.testng.reporters.JUnitReportReporter -->
<testsuite hostname="DESKTOP-HN1R936" failures="0" tests="1" name="Testcases.B_BasicUserCreation" time="146.961" errors="0" timestamp="2022-05-03T11:36:21 IST" skipped="0">
  <testcase classname="Testcases.B_BasicUserCreation" name="getStarted_BasicUer" time="146.961"/>
  <system-out/>
</testsuite> <!-- Testcases.B_BasicUserCreation -->
