<?xml version="1.0" encoding="UTF-8"?>
<!-- Generated by org.testng.reporters.JUnitReportReporter -->
<testsuite hostname="DESKTOP-HEFKRQG" failures="0" tests="1" name="Testcases.MoodActivity" time="27.139" errors="0" timestamp="2022-02-25T03:01:00 GMT-05:00" skipped="0">
  <testcase classname="Testcases.MoodActivity" name="MoodActivity" time="27.139"/>
  <system-out/>
</testsuite> <!-- Testcases.MoodActivity -->
