<?xml version="1.0" encoding="UTF-8"?>
<!-- Generated by org.testng.reporters.JUnitReportReporter -->
<testsuite hostname="DESKTOP-HN1R936" failures="0" tests="1" name="Testcases.StellaLiteSignIn_MoodActivitySleep_profile2" time="174.478" errors="0" timestamp="2022-04-26T13:35:18 IST" skipped="0">
  <testcase classname="Testcases.StellaLiteSignIn_MoodActivitySleep_profile2" name="signInStellaLite" time="174.478"/>
  <system-out/>
</testsuite> <!-- Testcases.StellaLiteSignIn_MoodActivitySleep_profile2 -->
