<?xml version="1.0" encoding="UTF-8"?>
<!-- Generated by org.testng.reporters.JUnitReportReporter -->
<testsuite hostname="DESKTOP-HN1R936" failures="0" tests="1" name="Testcases.SuperAdminManageNotification" time="33.889" errors="0" timestamp="2022-05-04T10:41:40 IST" skipped="0">
  <testcase classname="Testcases.SuperAdminManageNotification" name="Managenotification" time="33.889"/>
  <system-out/>
</testsuite> <!-- Testcases.SuperAdminManageNotification -->
