<?xml version="1.0" encoding="UTF-8"?>
<!-- Generated by org.testng.reporters.JUnitReportReporter -->
<testsuite hostname="DESKTOP-HN1R936" failures="0" tests="1" name="Testcases.SuperAdminManageSubject" time="23.827" errors="0" timestamp="2022-05-04T14:57:13 IST" skipped="0">
  <testcase classname="Testcases.SuperAdminManageSubject" name="ManageSubject" time="23.827"/>
  <system-out/>
</testsuite> <!-- Testcases.SuperAdminManageSubject -->
