<?xml version="1.0" encoding="UTF-8"?>
<!-- Generated by org.testng.reporters.JUnitReportReporter -->
<testsuite hostname="DESKTOP-HEFKRQG" failures="0" tests="1" name="Testcases.StellaLiteSignIn" time="187.918" errors="0" timestamp="2022-03-01T06:44:29 GMT-05:00" skipped="0">
  <testcase classname="Testcases.StellaLiteSignIn" name="signInStellaLite" time="187.918"/>
  <system-out/>
</testsuite> <!-- Testcases.StellaLiteSignIn -->
