<?xml version="1.0" encoding="UTF-8"?>
<!-- Generated by org.testng.reporters.JUnitReportReporter -->
<testsuite hostname="DESKTOP-HEFKRQG" failures="0" tests="1" name="Testcases.GetStartedNegativesenarios" time="99.991" errors="0" timestamp="2022-02-28T05:17:10 GMT-05:00" skipped="0">
  <testcase classname="Testcases.GetStartedNegativesenarios" name="GetStartedNegativesenario" time="99.991"/>
  <system-out/>
</testsuite> <!-- Testcases.GetStartedNegativesenarios -->
