<?xml version="1.0" encoding="UTF-8"?>
<!-- Generated by org.testng.reporters.JUnitReportReporter -->
<testsuite hostname="DESKTOP-HN1R936" failures="0" tests="1" name="Testcases.SuperAdminRegisterReserveWords_Email" time="28.535" errors="0" timestamp="2022-05-04T10:52:54 IST" skipped="0">
  <testcase classname="Testcases.SuperAdminRegisterReserveWords_Email" name="AddEditDleteSerahReserveWords" time="28.535"/>
  <system-out/>
</testsuite> <!-- Testcases.SuperAdminRegisterReserveWords_Email -->
