<?xml version="1.0" encoding="UTF-8"?>
<!-- Generated by org.testng.reporters.JUnitReportReporter -->
<testsuite hostname="DESKTOP-LGOJ7E9" failures="0" tests="3" name="Testcases.Register_PremiumUser" time="139.018" errors="0" timestamp="2022-08-16T13:30:15 IST" skipped="0">
  <testcase classname="Testcases.Register_PremiumUser" name="getStarted_PremiumUSer" time="44.615"/>
  <system-out/>
  <testcase classname="Testcases.Register_PremiumUser" name="VerifyEmailForPremiumUser" time="53.879"/>
  <system-out/>
  <testcase classname="Testcases.Register_PremiumUser" name="verifyPatientAddedOnHospitalPortal" time="40.524"/>
  <system-out/>
</testsuite> <!-- Testcases.Register_PremiumUser -->
