<?xml version="1.0" encoding="UTF-8"?>
<!-- Generated by org.testng.reporters.JUnitReportReporter -->
<testsuite hostname="DESKTOP-HEFKRQG" failures="0" tests="1" name="Testcases.SleepTracker" time="53.048" errors="0" timestamp="2022-02-25T03:02:21 GMT-05:00" skipped="0">
  <testcase classname="Testcases.SleepTracker" name="SleepTrackers" time="53.048"/>
  <system-out/>
</testsuite> <!-- Testcases.SleepTracker -->
