<?xml version="1.0" encoding="UTF-8"?>
<!-- Generated by org.testng.reporters.JUnitReportReporter -->
<testsuite hostname="DESKTOP-HN1R936" failures="0" tests="1" name="Testcases.G_UserassesmentAssign" time="58.580" errors="0" timestamp="2022-05-04T15:07:59 IST" skipped="0">
  <testcase classname="Testcases.G_UserassesmentAssign" name="AssigneAssesment" time="58.580"/>
  <system-out/>
</testsuite> <!-- Testcases.G_UserassesmentAssign -->
