<?xml version="1.0" encoding="UTF-8"?>
<!-- Generated by org.testng.reporters.JUnitReportReporter -->
<testsuite hostname="DESKTOP-HN1R936" failures="0" tests="1" name="Testcases.C_CheckSocialLinksOnLandingPage" time="20.829" errors="0" timestamp="2022-05-04T10:16:19 IST" skipped="0">
  <testcase classname="Testcases.C_CheckSocialLinksOnLandingPage" name="checkLinks" time="20.829"/>
  <system-out/>
</testsuite> <!-- Testcases.C_CheckSocialLinksOnLandingPage -->
