<?xml version="1.0" encoding="UTF-8"?>
<!-- Generated by org.testng.reporters.JUnitReportReporter -->
<testsuite hostname="DESKTOP-HN1R936" failures="0" tests="1" name="Testcases.WeekFive" time="235.541" errors="0" timestamp="2022-05-03T14:24:13 IST" skipped="0">
  <testcase classname="Testcases.WeekFive" name="signInStellaLite" time="235.541"/>
  <system-out/>
</testsuite> <!-- Testcases.WeekFive -->
